<?xml version="1.0" encoding="UTF-8"?>
<!-- Generated by org.testng.reporters.JUnitReportReporter -->
<testsuite hostname="DESKTOP-SEKDPB4" failures="0" tests="4" name="tests.TestClass2" time="0.011" errors="0" timestamp="2024-04-24T08:31:52 IST" skipped="0">
  <testcase classname="tests.TestClass2" name="test2" time="0.001"/>
  <testcase classname="tests.TestClass2" name="test3" time="0.001"/>
  <testcase classname="tests.TestClass2" name="test4" time="0.001"/>
  <testcase classname="tests.TestClass2" name="test1" time="0.008"/>
</testsuite> <!-- tests.TestClass2 -->
