<?xml version="1.0" encoding="UTF-8"?>
<!-- Generated by org.testng.reporters.JUnitReportReporter -->
<testsuite hostname="DESKTOP-SEKDPB4" failures="0" tests="4" name="tests.TestClass" time="0.012" errors="0" timestamp="2024-04-29T08:06:44 IST" skipped="0">
  <testcase classname="tests.TestClass" name="test1" time="0.007"/>
  <testcase classname="tests.TestClass" name="test4" time="0.002"/>
  <testcase classname="tests.TestClass" name="test3" time="0.002"/>
  <testcase classname="tests.TestClass" name="test2" time="0.001"/>
</testsuite> <!-- tests.TestClass -->
